-------------------------------------------------------------------------------
Test set: net.school.curriculum.lessons.LessonTest
-------------------------------------------------------------------------------
Tests run: 11, Failures: 0, Errors: 11, Skipped: 0, Time elapsed: 0.001 s <<< FAILURE! - in net.school.curriculum.lessons.LessonTest
shouldSetAttendingLessonToFalse  Time elapsed: 0 s  <<< ERROR!
java.lang.NullPointerException
	at net.school.curriculum.lessons.LessonTest.<init>(LessonTest.java:19)

shouldReturnLessonHasStartedForSufficentStudentCount  Time elapsed: 0 s  <<< ERROR!
java.lang.NullPointerException
	at net.school.curriculum.lessons.LessonTest.<init>(LessonTest.java:19)

shouldReturnLessonHasntFinishedIfLessonHasntStarted  Time elapsed: 0 s  <<< ERROR!
java.lang.NullPointerException
	at net.school.curriculum.lessons.LessonTest.<init>(LessonTest.java:19)

shouldReturnlessonHasBeenCancelledForInSufficnetLearnerCount  Time elapsed: 0 s  <<< ERROR!
java.lang.NullPointerException
	at net.school.curriculum.lessons.LessonTest.<init>(LessonTest.java:19)

shouldReturnTrueWhenLearnerIsAddedToMethod  Time elapsed: 0 s  <<< ERROR!
java.lang.NullPointerException
	at net.school.curriculum.lessons.LessonTest.<init>(LessonTest.java:19)

shouldGetLocalTimeObject  Time elapsed: 0 s  <<< ERROR!
java.lang.NullPointerException
	at net.school.curriculum.lessons.LessonTest.<init>(LessonTest.java:19)

shouldGetTeacherObject  Time elapsed: 0 s  <<< ERROR!
java.lang.NullPointerException
	at net.school.curriculum.lessons.LessonTest.<init>(LessonTest.java:19)

shouldReturnLessonStatusIsCancelledIfIsCancelledTrue  Time elapsed: 0 s  <<< ERROR!
java.lang.NullPointerException
	at net.school.curriculum.lessons.LessonTest.<init>(LessonTest.java:19)

shouldReturnTrueForCancelledLessonForLearnersAtendingLessThanFive  Time elapsed: 0 s  <<< ERROR!
java.lang.NullPointerException
	at net.school.curriculum.lessons.LessonTest.<init>(LessonTest.java:19)

shouldReturnLessonHasFinsishedWhenLessonIsStarted  Time elapsed: 0 s  <<< ERROR!
java.lang.NullPointerException
	at net.school.curriculum.lessons.LessonTest.<init>(LessonTest.java:19)

shouldGetSubject  Time elapsed: 0 s  <<< ERROR!
java.lang.NullPointerException
	at net.school.curriculum.lessons.LessonTest.<init>(LessonTest.java:19)

