-------------------------------------------------------------------------------
Test set: net.school.curriculum.lessons.MathLessonTest
-------------------------------------------------------------------------------
Tests run: 1, Failures: 0, Errors: 1, Skipped: 0, Time elapsed: 0.001 s <<< FAILURE! - in net.school.curriculum.lessons.MathLessonTest
shouldReturnMathAsSubject  Time elapsed: 0 s  <<< ERROR!
java.lang.NullPointerException
	at net.school.curriculum.lessons.MathLessonTest.shouldReturnMathAsSubject(MathLessonTest.java:21)

