-------------------------------------------------------------------------------
Test set: net.school.curriculum.lessons.GeographyLessonTest
-------------------------------------------------------------------------------
Tests run: 1, Failures: 0, Errors: 1, Skipped: 0, Time elapsed: 0.001 s <<< FAILURE! - in net.school.curriculum.lessons.GeographyLessonTest
shouldReturnEnglishAsSubject  Time elapsed: 0 s  <<< ERROR!
java.lang.NullPointerException
	at net.school.curriculum.lessons.GeographyLessonTest.shouldReturnEnglishAsSubject(GeographyLessonTest.java:21)

