-------------------------------------------------------------------------------
Test set: net.school.persons.teachers.TeacherTest
-------------------------------------------------------------------------------
Tests run: 6, Failures: 0, Errors: 6, Skipped: 0, Time elapsed: 0.002 s <<< FAILURE! - in net.school.persons.teachers.TeacherTest
shouldIsNotQualifiedForSubject  Time elapsed: 0 s  <<< ERROR!
java.lang.NullPointerException
	at net.school.persons.teachers.TeacherTest.<init>(TeacherTest.java:17)

shouldReturnIsQualifiedForQualifiedSubjects  Time elapsed: 0 s  <<< ERROR!
java.lang.NullPointerException
	at net.school.persons.teachers.TeacherTest.<init>(TeacherTest.java:17)

shouldReturnIfTeacherIsQualifiedToTeachSubject  Time elapsed: 0 s  <<< ERROR!
java.lang.NullPointerException
	at net.school.persons.teachers.TeacherTest.<init>(TeacherTest.java:17)

shouldReturnFlaseForInsufficentLessonsTaught  Time elapsed: 0 s  <<< ERROR!
java.lang.NullPointerException
	at net.school.persons.teachers.TeacherTest.<init>(TeacherTest.java:17)

shouldReturnTrueWhenAddingSubjectToRegisteredSubjects  Time elapsed: 0 s  <<< ERROR!
java.lang.NullPointerException
	at net.school.persons.teachers.TeacherTest.<init>(TeacherTest.java:17)

shouldReturnTrueForSuffiecentLessonsTaught  Time elapsed: 0 s  <<< ERROR!
java.lang.NullPointerException
	at net.school.persons.teachers.TeacherTest.<init>(TeacherTest.java:17)

