-------------------------------------------------------------------------------
Test set: net.school.curriculum.lessons.BussinessStudiesLessonTest
-------------------------------------------------------------------------------
Tests run: 1, Failures: 0, Errors: 1, Skipped: 0, Time elapsed: 0 s <<< FAILURE! - in net.school.curriculum.lessons.BussinessStudiesLessonTest
shouldReturnBussinessStudiesAsSubject  Time elapsed: 0 s  <<< ERROR!
java.lang.NullPointerException
	at net.school.curriculum.lessons.BussinessStudiesLessonTest.shouldReturnBussinessStudiesAsSubject(BussinessStudiesLessonTest.java:21)

