<?xml version="1.0" encoding="UTF-8"?>
<testsuite xmlns:xsi="http://www.w3.org/2001/XMLSchema-instance" xsi:noNamespaceSchemaLocation="https://maven.apache.org/surefire/maven-surefire-plugin/xsd/surefire-test-report.xsd" name="net.school.cafeteria.CafeteriaTest" time="0.019" tests="4" errors="4" skipped="0" failures="0">
  <properties>
[...]
</properties>
  <testcase name="teacherShouldBuyItemAtFulPrice" classname="net.school.cafeteria.CafeteriaTest" time="0.002">
    <error type="java.lang.NullPointerException"><![CDATA[java.lang.NullPointerException
	at net.school.cafeteria.CafeteriaTest.<init>(CafeteriaTest.java:28)
]]></error>
  </testcase>
  <testcase name="teacherShouldBuyItemAtDiscountedPriceFulPrice" classname="net.school.cafeteria.CafeteriaTest" time="0">
    <error type="java.lang.NullPointerException"><![CDATA[java.lang.NullPointerException
	at net.school.cafeteria.CafeteriaTest.<init>(CafeteriaTest.java:28)
]]></error>
  </testcase>
  <testcase name="learnerShouldBuyItemAtFulPrice" classname="net.school.cafeteria.CafeteriaTest" time="0">
    <error type="java.lang.NullPointerException"><![CDATA[java.lang.NullPointerException
	at net.school.cafeteria.CafeteriaTest.<init>(CafeteriaTest.java:28)
]]></error>
  </testcase>
  <testcase name="shouldReturnNotEnoughTokens" classname="net.school.cafeteria.CafeteriaTest" time="0">
    <error type="java.lang.NullPointerException"><![CDATA[java.lang.NullPointerException
	at net.school.cafeteria.CafeteriaTest.<init>(CafeteriaTest.java:28)
]]></error>
  </testcase>
</testsuite>